Library/Bee/Android/Prj/Mono2x/Gradle/unityLibrary/build/intermediates/manifest_merge_blame_file/release/manifest-merger-blame-release-report.txt
1<?xml version="1.0" encoding="utf-8"?>
2<manifest xmlns:android="http://schemas.android.com/apk/res/android"
3    xmlns:tools="http://schemas.android.com/tools"
4    package="com.unity3d.player" >
5
6    <uses-sdk
7        android:minSdkVersion="22"
7-->src\main\AndroidManifest.xml
8        android:targetSdkVersion="32" />
8-->src\main\AndroidManifest.xml
9
10    <supports-gl-texture android:name="GL_OES_compressed_ETC1_RGB8_texture" />
10-->src\main\AndroidManifest.xml:3:3-77
10-->src\main\AndroidManifest.xml:3:24-74
11
12    <uses-feature android:glEsVersion="0x00030000" />
12-->src\main\AndroidManifest.xml:4:3-52
12-->src\main\AndroidManifest.xml:4:17-49
13    <uses-feature
13-->src\main\AndroidManifest.xml:5:3-91
14        android:name="android.hardware.vulkan.version"
14-->src\main\AndroidManifest.xml:5:17-63
15        android:required="false" />
15-->src\main\AndroidManifest.xml:5:64-88
16    <uses-feature
16-->src\main\AndroidManifest.xml:6:3-88
17        android:name="android.hardware.touchscreen"
17-->src\main\AndroidManifest.xml:6:17-60
18        android:required="false" />
18-->src\main\AndroidManifest.xml:6:61-85
19    <uses-feature
19-->src\main\AndroidManifest.xml:7:3-99
20        android:name="android.hardware.touchscreen.multitouch"
20-->src\main\AndroidManifest.xml:7:17-71
21        android:required="false" />
21-->src\main\AndroidManifest.xml:7:72-96
22    <uses-feature
22-->src\main\AndroidManifest.xml:8:3-108
23        android:name="android.hardware.touchscreen.multitouch.distinct"
23-->src\main\AndroidManifest.xml:8:17-80
24        android:required="false" />
24-->src\main\AndroidManifest.xml:8:81-105
25
26    <application android:extractNativeLibs="true" >
26-->src\main\AndroidManifest.xml:9:3-23:17
26-->src\main\AndroidManifest.xml:9:16-48
27        <meta-data
27-->src\main\AndroidManifest.xml:10:5-69
28            android:name="unity.splash-mode"
28-->src\main\AndroidManifest.xml:10:16-48
29            android:value="0" />
29-->src\main\AndroidManifest.xml:10:49-66
30        <meta-data
30-->src\main\AndroidManifest.xml:11:5-74
31            android:name="unity.splash-enable"
31-->src\main\AndroidManifest.xml:11:16-50
32            android:value="True" />
32-->src\main\AndroidManifest.xml:11:51-71
33        <meta-data
33-->src\main\AndroidManifest.xml:12:5-78
34            android:name="unity.launch-fullscreen"
34-->src\main\AndroidManifest.xml:12:16-54
35            android:value="True" />
35-->src\main\AndroidManifest.xml:12:55-75
36        <meta-data
36-->src\main\AndroidManifest.xml:13:5-81
37            android:name="notch.config"
37-->src\main\AndroidManifest.xml:13:16-43
38            android:value="portrait|landscape" />
38-->src\main\AndroidManifest.xml:13:44-78
39        <meta-data
39-->src\main\AndroidManifest.xml:14:5-84
40            android:name="unity.auto-report-fully-drawn"
40-->src\main\AndroidManifest.xml:14:16-60
41            android:value="true" />
41-->src\main\AndroidManifest.xml:14:61-81
42
43        <activity
43-->src\main\AndroidManifest.xml:15:5-22:16
44            android:name="com.unity3d.player.UnityPlayerActivity"
44-->src\main\AndroidManifest.xml:15:15-68
45            android:configChanges="mcc|mnc|locale|touchscreen|keyboard|keyboardHidden|navigation|orientation|screenLayout|uiMode|screenSize|smallestScreenSize|fontScale|layoutDirection|density"
45-->src\main\AndroidManifest.xml:15:185-366
46            android:exported="true"
46-->src\main\AndroidManifest.xml:15:438-461
47            android:hardwareAccelerated="false"
47-->src\main\AndroidManifest.xml:15:402-437
48            android:launchMode="singleTask"
48-->src\main\AndroidManifest.xml:15:153-184
49            android:resizeableActivity="false"
49-->src\main\AndroidManifest.xml:15:367-401
50            android:screenOrientation="userLandscape"
50-->src\main\AndroidManifest.xml:15:111-152
51            android:theme="@style/UnityThemeSelector" >
51-->src\main\AndroidManifest.xml:15:69-110
52            <intent-filter>
52-->src\main\AndroidManifest.xml:16:7-19:23
53                <category android:name="android.intent.category.LAUNCHER" />
53-->src\main\AndroidManifest.xml:17:9-69
53-->src\main\AndroidManifest.xml:17:19-66
54
55                <action android:name="android.intent.action.MAIN" />
55-->src\main\AndroidManifest.xml:18:9-61
55-->src\main\AndroidManifest.xml:18:17-58
56            </intent-filter>
57
58            <meta-data
58-->src\main\AndroidManifest.xml:20:7-82
59                android:name="unityplayer.UnityActivity"
59-->src\main\AndroidManifest.xml:20:18-58
60                android:value="true" />
60-->src\main\AndroidManifest.xml:20:59-79
61            <meta-data
61-->src\main\AndroidManifest.xml:21:7-70
62                android:name="notch_support"
62-->src\main\AndroidManifest.xml:21:18-46
63                android:value="true" />
63-->src\main\AndroidManifest.xml:21:47-67
64        </activity>
65    </application>
66
67</manifest>